[16Jul2025 00:05:50.504] [Server thread/INFO] [fastsuite/]: Constructed recipe list for minecraft:stonecutting in 821.6 μs. 1043/1043 recipes are parallelized.
[16Jul2025 00:07:34.202] [Server thread/INFO] [net.minecraft.server.network.ServerGamePacketListenerImpl/]: Misterchuwa lost connection: Disconnected
[16Jul2025 00:07:34.202] [Server thread/INFO] [net.minecraft.server.MinecraftServer/]: Misterchuwa left the game
[16Jul2025 00:11:36.519] [Server thread/INFO] [net.minecraft.server.MinecraftServer/]: elpepe has made the advancement [A Strange Grave Dust]
[16Jul2025 00:12:11.707] [Server thread/INFO] [net.minecraft.server.network.ServerLoginPacketListenerImpl/]: com.mojang.authlib.GameProfile@13295df5[id=<null>,name=Misterchuwa,properties={},legacy=false] (/100.99.92.13:60605) lost connection: Disconnected
[16Jul2025 00:12:16.965] [Server thread/INFO] [net.minecraft.server.players.PlayerList/]: Misterchuwa[/100.99.92.13:60787] logged in with entity id 17407 at (-2289.1698410391036, 102.0, 1025.8547444362828)
[16Jul2025 00:12:16.966] [Server thread/INFO] [ModdingLegacy/blue_skies/]: Sending ToolHandleTypeManager to Misterchuwa
[16Jul2025 00:12:16.966] [Server thread/INFO] [ModdingLegacy/blue_skies/]: Sending SnowcapOvenFreezingManager to Misterchuwa
[16Jul2025 00:12:16.967] [Server thread/INFO] [ModdingLegacy/blue_skies/]: Sending HorizoniteForgeFuelManager to Misterchuwa
[16Jul2025 00:12:16.967] [Server thread/INFO] [ModdingLegacy/blue_skies/]: Sending AlchemyRecipeManager to Misterchuwa
[16Jul2025 00:12:16.969] [Server thread/INFO] [ModdingLegacy/blue_skies/]: Sending JournalEntryManager to Misterchuwa
[16Jul2025 00:12:16.972] [Server thread/INFO] [ModdingLegacy/blue_skies/]: Sending JournalSectionManager to Misterchuwa
[16Jul2025 00:12:16.972] [Server thread/INFO] [ModdingLegacy/blue_skies/]: Sending JournalRequirementManager to Misterchuwa
[16Jul2025 00:12:16.990] [Server thread/INFO] [net.minecraft.server.MinecraftServer/]: Misterchuwa joined the game
[16Jul2025 00:21:06.058] [Server thread/INFO] [net.minecraft.server.MinecraftServer/]: elpepe has completed the challenge [Turtle-ology Majors Be Like]
[16Jul2025 00:25:18.487] [Server thread/WARN] [net.minecraft.server.MinecraftServer/]: Can't keep up! Is the server overloaded? Running 2747ms or 54 ticks behind
[16Jul2025 00:29:08.513] [Server thread/INFO] [net.minecraft.server.MinecraftServer/]: [JAGlitsh: Teleported JAGlitsh to elpepe]
[16Jul2025 00:29:41.453] [Server thread/INFO] [net.minecraft.server.MinecraftServer/]: [JAGlitsh: Teleported JAGlitsh to elpepe]
[16Jul2025 00:29:59.770] [Server thread/INFO] [net.minecraft.server.MinecraftServer/]: [JAGlitsh: Teleported elpepe to JAGlitsh]
[16Jul2025 00:30:22.174] [Server thread/INFO] [net.minecraft.server.MinecraftServer/]: [JAGlitsh: Teleported JAGlitsh to elpepe]
[16Jul2025 00:33:21.159] [Server thread/INFO] [net.minecraft.server.MinecraftServer/]: [JAGlitsh: Teleported JAGlitsh to Misterchuwa]
[16Jul2025 00:34:07.310] [Server thread/INFO] [net.minecraft.server.MinecraftServer/]: [Not Secure] <Misterchuwa> yaba man
[16Jul2025 00:34:13.465] [Server thread/INFO] [net.minecraft.server.MinecraftServer/]: [Not Secure] <Misterchuwa> hay un problema con el maldito krece
[16Jul2025 00:34:19.049] [Server thread/INFO] [net.minecraft.server.MinecraftServer/]: [Not Secure] <Misterchuwa> me tiene con las bolas llenas
[16Jul2025 00:34:28.649] [Server thread/INFO] [net.minecraft.server.network.ServerGamePacketListenerImpl/]: Misterchuwa lost connection: Disconnected
[16Jul2025 00:34:28.649] [Server thread/INFO] [net.minecraft.server.MinecraftServer/]: Misterchuwa left the game
[16Jul2025 00:37:41.568] [Server thread/INFO] [net.minecraft.server.MinecraftServer/]: [JAGlitsh: Teleported JAGlitsh to elpepe]
[16Jul2025 00:39:18.600] [Worker-Main-2/WARN] [net.minecraft.server.level.WorldGenRegion/]: Tried to access a block entity before it was created. BlockPos{x=-1826, y=-8, z=782}
[16Jul2025 00:40:32.830] [Server thread/WARN] [tombstone/]: The death event of the player JAGlitsh was canceled by another mod
[16Jul2025 00:40:32.832] [Server thread/INFO] [tombstone/]: The player JAGlitsh has successfully been saved
[16Jul2025 00:40:40.752] [Server thread/INFO] [net.minecraft.server.MinecraftServer/]: [JAGlitsh: Teleported JAGlitsh to elpepe]
[16Jul2025 00:41:32.800] [Server thread/INFO] [net.minecraft.server.MinecraftServer/]: JAGlitsh fell from a high place
[16Jul2025 00:41:52.969] [Server thread/INFO] [net.minecraft.server.MinecraftServer/]: [JAGlitsh: Teleported JAGlitsh to -1678.500000, 70.500000, 1043.500000]
[16Jul2025 00:47:54.021] [Server thread/WARN] [tombstone/]: The death event of the player elpepe was canceled by another mod
[16Jul2025 00:47:54.023] [Server thread/INFO] [tombstone/]: The player elpepe has successfully been saved
[16Jul2025 00:48:10.352] [Server thread/INFO] [net.minecraft.server.MinecraftServer/]: elpepe fell from a high place
[16Jul2025 00:48:53.200] [Server thread/INFO] [net.minecraft.server.MinecraftServer/]: [JAGlitsh: Set the time to 1000]
[16Jul2025 00:52:15.684] [Server thread/INFO] [net.minecraft.server.MinecraftServer/]: elpepe has made the advancement [Your First Receptacle]
[16Jul2025 00:53:30.053] [Server thread/INFO] [net.minecraft.server.network.ServerGamePacketListenerImpl/]: elpepe lost connection: Disconnected
[16Jul2025 00:53:30.053] [Server thread/INFO] [net.minecraft.server.MinecraftServer/]: elpepe left the game
[16Jul2025 00:53:36.612] [Server thread/INFO] [net.minecraft.server.players.PlayerList/]: elpepe[/100.71.192.84:50240] logged in with entity id 37090 at (-1218.591962237891, 64.0, 691.5038839859953)
[16Jul2025 00:53:36.612] [Server thread/INFO] [ModdingLegacy/blue_skies/]: Sending ToolHandleTypeManager to elpepe
[16Jul2025 00:53:36.613] [Server thread/INFO] [ModdingLegacy/blue_skies/]: Sending SnowcapOvenFreezingManager to elpepe
[16Jul2025 00:53:36.613] [Server thread/INFO] [ModdingLegacy/blue_skies/]: Sending HorizoniteForgeFuelManager to elpepe
[16Jul2025 00:53:36.614] [Server thread/INFO] [ModdingLegacy/blue_skies/]: Sending AlchemyRecipeManager to elpepe
[16Jul2025 00:53:36.615] [Server thread/INFO] [ModdingLegacy/blue_skies/]: Sending JournalEntryManager to elpepe
[16Jul2025 00:53:36.617] [Server thread/INFO] [ModdingLegacy/blue_skies/]: Sending JournalSectionManager to elpepe
[16Jul2025 00:53:36.617] [Server thread/INFO] [ModdingLegacy/blue_skies/]: Sending JournalRequirementManager to elpepe
[16Jul2025 00:53:36.630] [Server thread/INFO] [net.minecraft.server.MinecraftServer/]: elpepe joined the game
[16Jul2025 00:55:56.400] [Server thread/INFO] [net.minecraft.server.network.ServerGamePacketListenerImpl/]: elpepe lost connection: Disconnected
[16Jul2025 00:55:56.400] [Server thread/INFO] [net.minecraft.server.MinecraftServer/]: elpepe left the game
[16Jul2025 00:56:01.516] [Server thread/INFO] [net.minecraft.server.players.PlayerList/]: elpepe[/100.71.192.84:50259] logged in with entity id 37886 at (-1217.9257435087156, 64.0, 691.6089604074626)
[16Jul2025 00:56:01.517] [Server thread/INFO] [ModdingLegacy/blue_skies/]: Sending ToolHandleTypeManager to elpepe
[16Jul2025 00:56:01.517] [Server thread/INFO] [ModdingLegacy/blue_skies/]: Sending SnowcapOvenFreezingManager to elpepe
[16Jul2025 00:56:01.517] [Server thread/INFO] [ModdingLegacy/blue_skies/]: Sending HorizoniteForgeFuelManager to elpepe
[16Jul2025 00:56:01.518] [Server thread/INFO] [ModdingLegacy/blue_skies/]: Sending AlchemyRecipeManager to elpepe
[16Jul2025 00:56:01.519] [Server thread/INFO] [ModdingLegacy/blue_skies/]: Sending JournalEntryManager to elpepe
[16Jul2025 00:56:01.520] [Server thread/INFO] [ModdingLegacy/blue_skies/]: Sending JournalSectionManager to elpepe
[16Jul2025 00:56:01.521] [Server thread/INFO] [ModdingLegacy/blue_skies/]: Sending JournalRequirementManager to elpepe
[16Jul2025 00:56:01.532] [Server thread/INFO] [net.minecraft.server.MinecraftServer/]: elpepe joined the game
[16Jul2025 01:01:58.201] [Server thread/INFO] [net.minecraft.server.MinecraftServer/]: JAGlitsh has made the advancement [Isn't It Iron Pick]
[16Jul2025 01:15:54.300] [Server thread/INFO] [net.minecraft.server.MinecraftServer/]: JAGlitsh has made the advancement [Where Is The Stone Pen?]
[16Jul2025 01:19:14.011] [Server thread/INFO] [net.minecraft.server.MinecraftServer/]: JAGlitsh has made the advancement [Back to childhood]
[16Jul2025 01:19:14.011] [Server thread/INFO] [net.minecraft.server.MinecraftServer/]: JAGlitsh has made the advancement [Not even afraid of death]
[16Jul2025 01:21:26.478] [Server thread/INFO] [net.minecraft.server.MinecraftServer/]: [JAGlitsh: Teleported elpepe to JAGlitsh]
[16Jul2025 01:27:57.228] [Server thread/INFO] [net.minecraft.server.MinecraftServer/]: [JAGlitsh: Teleported JAGlitsh to elpepe]
[16Jul2025 01:29:31.009] [Server thread/INFO] [net.minecraft.server.MinecraftServer/]: JAGlitsh has made the advancement [Knowledge raises the soul]
[16Jul2025 01:35:35.073] [Server thread/INFO] [net.minecraft.server.MinecraftServer/]: [JAGlitsh: Teleported elpepe to JAGlitsh]
[16Jul2025 01:38:43.498] [Server thread/INFO] [net.minecraft.server.MinecraftServer/]: elpepe has made the advancement [Into Darkness]
[16Jul2025 01:39:01.099] [Server thread/INFO] [net.minecraft.server.MinecraftServer/]: [JAGlitsh: Teleported JAGlitsh to elpepe]
[16Jul2025 01:39:08.747] [Server thread/INFO] [net.minecraft.server.MinecraftServer/]: JAGlitsh has made the advancement [Into Darkness]
[16Jul2025 01:39:35.149] [Server thread/INFO] [net.minecraft.server.MinecraftServer/]: elpepe has made the advancement [Source of Evil]
[16Jul2025 01:39:56.447] [Server thread/WARN] [tombstone/]: The death event of the player JAGlitsh was canceled by another mod
[16Jul2025 01:39:56.450] [Server thread/INFO] [tombstone/]: The player JAGlitsh has successfully been saved
[16Jul2025 01:40:04.647] [Server thread/WARN] [tombstone/]: The death event of the player elpepe was canceled by another mod
[16Jul2025 01:40:04.649] [Server thread/INFO] [tombstone/]: The player elpepe has successfully been saved
[16Jul2025 01:40:42.620] [Server thread/INFO] [net.minecraft.server.MinecraftServer/]: elpepe was slain by Acolyte
[16Jul2025 01:40:56.397] [Server thread/INFO] [net.minecraft.server.MinecraftServer/]: JAGlitsh was slain by Acolyte
[16Jul2025 01:40:58.741] [Server thread/INFO] [net.minecraft.server.MinecraftServer/]: JAGlitsh has made the advancement [The Most Useful Key]
[16Jul2025 01:41:14.749] [Server thread/WARN] [tombstone/]: The death event of the player elpepe was canceled by another mod
[16Jul2025 01:41:14.763] [Server thread/INFO] [tombstone/]: The player elpepe has successfully been saved
[16Jul2025 01:41:15.949] [Server thread/INFO] [net.minecraft.server.MinecraftServer/]: JAGlitsh has reached the goal [A Fast Comeback]
[16Jul2025 01:41:24.848] [Server thread/WARN] [tombstone/]: The death event of the player JAGlitsh was canceled by another mod
[16Jul2025 01:41:24.856] [Server thread/INFO] [tombstone/]: The player JAGlitsh has successfully been saved
[16Jul2025 01:41:42.765] [Server thread/INFO] [net.minecraft.server.MinecraftServer/]: elpepe was slain by Acolyte
[16Jul2025 01:42:24.797] [Server thread/INFO] [net.minecraft.server.MinecraftServer/]: JAGlitsh was slain by Acolyte
[16Jul2025 01:42:48.497] [Server thread/WARN] [tombstone/]: The death event of the player JAGlitsh was canceled by another mod
[16Jul2025 01:42:48.500] [Server thread/INFO] [tombstone/]: The player JAGlitsh has successfully been saved
[16Jul2025 01:42:56.147] [Server thread/INFO] [net.minecraft.server.MinecraftServer/]: [JAGlitsh: Teleported JAGlitsh to elpepe]
[16Jul2025 01:47:07.982] [Server thread/INFO] [net.minecraft.server.MinecraftServer/]: elpepe has made the advancement [Taking from the Dead]
[16Jul2025 01:47:08.446] [Server thread/INFO] [net.minecraft.server.MinecraftServer/]: elpepe has made the advancement [Who turned the lights off?]
[16Jul2025 01:47:23.887] [Server thread/INFO] [net.minecraft.server.MinecraftServer/]: [JAGlitsh: Teleported elpepe to JAGlitsh]
[16Jul2025 01:47:25.748] [Server thread/WARN] [tombstone/]: The death event of the player elpepe was canceled by another mod
[16Jul2025 01:47:25.750] [Server thread/INFO] [tombstone/]: The player elpepe has successfully been saved
[16Jul2025 01:47:30.448] [Server thread/INFO] [net.minecraft.server.MinecraftServer/]: [JAGlitsh: Teleported elpepe to JAGlitsh]
[16Jul2025 01:47:32.548] [Server thread/WARN] [tombstone/]: The death event of the player JAGlitsh was canceled by another mod
[16Jul2025 01:47:32.551] [Server thread/INFO] [tombstone/]: The player JAGlitsh has successfully been saved
[16Jul2025 01:47:42.178] [Server thread/INFO] [net.minecraft.server.MinecraftServer/]: elpepe was slain by Acolyte
[16Jul2025 01:48:10.623] [Server thread/INFO] [net.minecraft.server.MinecraftServer/]: JAGlitsh was slain by Acolyte
[16Jul2025 01:48:19.956] [Server thread/WARN] [tombstone/]: The death event of the player elpepe was canceled by another mod
[16Jul2025 01:48:19.970] [Server thread/INFO] [tombstone/]: The player elpepe has successfully been saved
[16Jul2025 01:48:25.901] [Server thread/INFO] [net.minecraft.server.MinecraftServer/]: elpepe fell from a high place
[16Jul2025 01:48:53.031] [Server thread/INFO] [net.minecraft.server.MinecraftServer/]: JAGlitsh has made the advancement [Source of Evil]
[16Jul2025 01:49:11.449] [Server thread/WARN] [tombstone/]: The death event of the player JAGlitsh was canceled by another mod
[16Jul2025 01:49:11.452] [Server thread/INFO] [tombstone/]: The player JAGlitsh has successfully been saved
[16Jul2025 01:49:48.974] [Server thread/INFO] [net.minecraft.server.MinecraftServer/]: [JAGlitsh: Teleported elpepe to JAGlitsh]
[16Jul2025 01:50:00.049] [Server thread/WARN] [tombstone/]: The death event of the player elpepe was canceled by another mod
[16Jul2025 01:50:00.052] [Server thread/INFO] [tombstone/]: The player elpepe has successfully been saved
[16Jul2025 01:50:11.397] [Server thread/INFO] [net.minecraft.server.MinecraftServer/]: JAGlitsh was slain by Acolyte
[16Jul2025 01:50:18.250] [Server thread/INFO] [net.minecraft.server.MinecraftServer/]: elpepe was slain by Acolyte
[16Jul2025 01:50:57.575] [Server thread/INFO] [net.minecraft.server.MinecraftServer/]: [JAGlitsh: Teleported elpepe to JAGlitsh]
[16Jul2025 01:51:10.416] [Server thread/INFO] [net.minecraft.server.MinecraftServer/]: JAGlitsh has made the advancement [Deceived Hopes]
[16Jul2025 01:51:58.774] [Server thread/INFO] [net.minecraft.server.MinecraftServer/]: [JAGlitsh: Teleported elpepe to JAGlitsh]
[16Jul2025 01:53:20.732] [Server thread/INFO] [net.minecraft.server.MinecraftServer/]: JAGlitsh has made the advancement [Taking from the Dead]
[16Jul2025 01:53:33.497] [Server thread/WARN] [tombstone/]: The death event of the player JAGlitsh was canceled by another mod
[16Jul2025 01:53:33.499] [Server thread/INFO] [tombstone/]: The player JAGlitsh has successfully been saved
[16Jul2025 01:55:00.047] [Server thread/WARN] [tombstone/]: The death event of the player elpepe was canceled by another mod
[16Jul2025 01:55:00.049] [Server thread/INFO] [tombstone/]: The player elpepe has successfully been saved
[16Jul2025 01:55:03.747] [Server thread/WARN] [tombstone/]: The death event of the player JAGlitsh was canceled by another mod
[16Jul2025 01:55:03.749] [Server thread/INFO] [tombstone/]: The player JAGlitsh has successfully been saved
[16Jul2025 01:55:21.947] [Server thread/INFO] [net.minecraft.server.MinecraftServer/]: elpepe was slain by Acolyte
[16Jul2025 01:56:35.998] [Server thread/WARN] [tombstone/]: The death event of the player JAGlitsh was canceled by another mod
[16Jul2025 01:56:36.000] [Server thread/INFO] [tombstone/]: The player JAGlitsh has successfully been saved
[16Jul2025 01:57:10.696] [Server thread/INFO] [net.minecraft.server.MinecraftServer/]: JAGlitsh has made the advancement [Who turned the lights off?]
[16Jul2025 01:57:12.148] [Server thread/WARN] [tombstone/]: The death event of the player JAGlitsh was canceled by another mod
[16Jul2025 01:57:12.151] [Server thread/INFO] [tombstone/]: The player JAGlitsh has successfully been saved
[16Jul2025 01:58:13.247] [Server thread/WARN] [tombstone/]: The death event of the player JAGlitsh was canceled by another mod
[16Jul2025 01:58:13.249] [Server thread/INFO] [tombstone/]: The player JAGlitsh has successfully been saved
[16Jul2025 01:58:13.497] [Server thread/INFO] [net.minecraft.server.MinecraftServer/]: elpepe has made the advancement [Iron, but dark]
[16Jul2025 01:58:58.751] [Server thread/INFO] [net.minecraft.server.MinecraftServer/]: [JAGlitsh: Teleported JAGlitsh to -2291.500000, 102.500000, 1024.500000]
[16Jul2025 02:07:02.448] [Server thread/INFO] [net.minecraft.server.MinecraftServer/]: [JAGlitsh: Teleported JAGlitsh to -2390.500000, -3.500000, 1146.500000]
[16Jul2025 02:07:14.664] [Server thread/INFO] [net.minecraft.server.MinecraftServer/]: JAGlitsh has made the advancement [Iron, but dark]
[16Jul2025 02:08:22.347] [Server thread/INFO] [net.minecraft.server.MinecraftServer/]: elpepe has made the advancement [Local Brewery]
[16Jul2025 02:10:36.766] [Server thread/WARN] [net.minecraft.server.network.ServerGamePacketListenerImpl/]: JAGlitsh moved wrongly!
[16Jul2025 02:10:43.697] [Server thread/WARN] [tombstone/]: The death event of the player JAGlitsh was canceled by another mod
[16Jul2025 02:10:43.699] [Server thread/INFO] [tombstone/]: The player JAGlitsh has successfully been saved
[16Jul2025 02:10:57.811] [Server thread/INFO] [net.minecraft.server.MinecraftServer/]: [JAGlitsh: Teleported JAGlitsh to elpepe]
[16Jul2025 02:12:29.149] [Server thread/WARN] [tombstone/]: The death event of the player JAGlitsh was canceled by another mod
[16Jul2025 02:12:29.151] [Server thread/INFO] [tombstone/]: The player JAGlitsh has successfully been saved
[16Jul2025 02:13:46.898] [Server thread/WARN] [tombstone/]: The death event of the player JAGlitsh was canceled by another mod
[16Jul2025 02:13:46.900] [Server thread/INFO] [tombstone/]: The player JAGlitsh has successfully been saved
[16Jul2025 02:15:29.248] [Server thread/INFO] [net.minecraft.server.MinecraftServer/]: elpepe has made the advancement [Well prepared]
[16Jul2025 02:15:51.954] [Server thread/INFO] [net.minecraft.server.MinecraftServer/]: [JAGlitsh: Teleported elpepe to JAGlitsh]
[16Jul2025 02:18:08.547] [Server thread/WARN] [tombstone/]: The death event of the player elpepe was canceled by another mod
[16Jul2025 02:18:08.550] [Server thread/INFO] [tombstone/]: The player elpepe has successfully been saved
[16Jul2025 02:18:13.515] [Server thread/INFO] [net.minecraft.server.MinecraftServer/]: [JAGlitsh: Teleported elpepe to JAGlitsh]
[16Jul2025 02:19:26.254] [Server thread/WARN] [tombstone/]: The death event of the player elpepe was canceled by another mod
[16Jul2025 02:19:26.258] [Server thread/INFO] [tombstone/]: The player elpepe has successfully been saved
[16Jul2025 02:19:40.097] [Server thread/INFO] [net.minecraft.server.MinecraftServer/]: [JAGlitsh: Teleported elpepe to JAGlitsh]
[16Jul2025 02:20:10.697] [Server thread/INFO] [net.minecraft.server.MinecraftServer/]: JAGlitsh has reached the goal [You Need a Mint]
[16Jul2025 02:23:16.049] [Server thread/INFO] [net.minecraft.server.MinecraftServer/]: [JAGlitsh: Teleported elpepe to JAGlitsh]
[16Jul2025 02:23:21.098] [Server thread/WARN] [tombstone/]: The death event of the player elpepe was canceled by another mod
[16Jul2025 02:23:21.101] [Server thread/INFO] [tombstone/]: The player elpepe has successfully been saved
